build/app/intermediates/manifest_merge_blame_file/release/manifest-merger-blame-release-report.txt
1<?xml version="1.0" encoding="utf-8"?>
2<manifest xmlns:android="http://schemas.android.com/apk/res/android"
3    package="com.example.flutter_auth"
4    android:versionCode="1"
5    android:versionName="1.0.0" >
6
7    <uses-sdk
8        android:minSdkVersion="21"
8-->src/main/AndroidManifest.xml
9        android:targetSdkVersion="28" />
9-->src/main/AndroidManifest.xml
10
11    <uses-permission android:name="android.permission.INTERNET" />
11-->src/main/AndroidManifest.xml:3:5-66
11-->src/main/AndroidManifest.xml:3:22-64
12    <uses-permission android:name="android.permission.ACCESS_FINE_LOCATION" />
12-->src/main/AndroidManifest.xml:4:5-79
12-->src/main/AndroidManifest.xml:4:22-76
13    <uses-permission android:name="android.permission.ACCESS_COARSE_LOCATION" />
13-->src/main/AndroidManifest.xml:5:5-81
13-->src/main/AndroidManifest.xml:5:22-78
14    <uses-permission android:name="android.permission.ACCESS_NETWORK_STATE" />
14-->[com.amazonaws:aws-android-sdk-pinpoint:2.38.0] AndroidManifest.xml:10:5-79
14-->[com.amazonaws:aws-android-sdk-pinpoint:2.38.0] AndroidManifest.xml:10:22-76
15    <uses-permission android:name="android.permission.CAMERA" /> <!-- Don't require camera, as this requires a rear camera. This allows it to work on the Nexus 7 -->
15-->[com.journeyapps:zxing-android-embedded:4.2.0] AndroidManifest.xml:22:5-65
15-->[com.journeyapps:zxing-android-embedded:4.2.0] AndroidManifest.xml:22:22-62
16    <uses-feature
16-->[com.journeyapps:zxing-android-embedded:4.2.0] AndroidManifest.xml:25:5-27:36
17        android:name="android.hardware.camera"
17-->[com.journeyapps:zxing-android-embedded:4.2.0] AndroidManifest.xml:26:9-47
18        android:required="false" />
18-->[com.journeyapps:zxing-android-embedded:4.2.0] AndroidManifest.xml:27:9-33
19    <uses-feature
19-->[com.journeyapps:zxing-android-embedded:4.2.0] AndroidManifest.xml:28:5-30:36
20        android:name="android.hardware.camera.front"
20-->[com.journeyapps:zxing-android-embedded:4.2.0] AndroidManifest.xml:29:9-53
21        android:required="false" /> <!-- TODO replace above two with next line after Android 4.2 -->
21-->[com.journeyapps:zxing-android-embedded:4.2.0] AndroidManifest.xml:30:9-33
22    <!-- <uses-feature android:name="android.hardware.camera.any"/> -->
23    <uses-feature
23-->[com.journeyapps:zxing-android-embedded:4.2.0] AndroidManifest.xml:33:5-35:36
24        android:name="android.hardware.camera.autofocus"
24-->[com.journeyapps:zxing-android-embedded:4.2.0] AndroidManifest.xml:34:9-57
25        android:required="false" />
25-->[com.journeyapps:zxing-android-embedded:4.2.0] AndroidManifest.xml:35:9-33
26    <uses-feature
26-->[com.journeyapps:zxing-android-embedded:4.2.0] AndroidManifest.xml:36:5-38:36
27        android:name="android.hardware.camera.flash"
27-->[com.journeyapps:zxing-android-embedded:4.2.0] AndroidManifest.xml:37:9-53
28        android:required="false" />
28-->[com.journeyapps:zxing-android-embedded:4.2.0] AndroidManifest.xml:38:9-33
29    <uses-feature
29-->[com.journeyapps:zxing-android-embedded:4.2.0] AndroidManifest.xml:39:5-41:36
30        android:name="android.hardware.screen.landscape"
30-->[com.journeyapps:zxing-android-embedded:4.2.0] AndroidManifest.xml:40:9-57
31        android:required="false" />
31-->[com.journeyapps:zxing-android-embedded:4.2.0] AndroidManifest.xml:41:9-33
32    <uses-feature
32-->[com.journeyapps:zxing-android-embedded:4.2.0] AndroidManifest.xml:42:5-44:36
33        android:name="android.hardware.wifi"
33-->[com.journeyapps:zxing-android-embedded:4.2.0] AndroidManifest.xml:43:9-45
34        android:required="false" /> <!-- Permission will be merged into the manifest of the hosting app. -->
34-->[com.journeyapps:zxing-android-embedded:4.2.0] AndroidManifest.xml:44:9-33
35    <!-- Is required to launch foreground extraction service for targetSdkVersion 28+. -->
36    <uses-permission android:name="android.permission.FOREGROUND_SERVICE" />
36-->[com.google.android.play:core:1.9.1] AndroidManifest.xml:8:3-74
36-->[com.google.android.play:core:1.9.1] AndroidManifest.xml:8:20-72
37    <!--
38 io.flutter.app.FlutterApplication is an android.app.Application that
39         calls FlutterMain.startInitialization(this); in its onCreate method.
40         In most cases you can leave this as-is, but you if you want to provide
41         additional functionality it is fine to subclass or reimplement
42         FlutterApplication and put your custom class here.
43    -->
44    <application
44-->src/main/AndroidManifest.xml:11:5-32:19
45        android:name="io.flutter.app.FlutterApplication"
45-->src/main/AndroidManifest.xml:12:9-57
46        android:appComponentFactory="androidx.core.app.CoreComponentFactory"
46-->[androidx.core:core:1.6.0] AndroidManifest.xml:24:18-86
47        android:icon="@mipmap/ic_launcher"
47-->src/main/AndroidManifest.xml:14:9-43
48        android:label="Vendors" >
48-->src/main/AndroidManifest.xml:13:9-32
49        <activity
49-->src/main/AndroidManifest.xml:15:9-26:20
50            android:name="com.example.flutter_auth.MainActivity"
50-->src/main/AndroidManifest.xml:16:13-41
51            android:configChanges="orientation|keyboardHidden|keyboard|screenSize|smallestScreenSize|locale|layoutDirection|fontScale|screenLayout|density|uiMode"
51-->src/main/AndroidManifest.xml:19:13-163
52            android:hardwareAccelerated="true"
52-->src/main/AndroidManifest.xml:20:13-47
53            android:launchMode="singleTop"
53-->src/main/AndroidManifest.xml:17:13-43
54            android:theme="@style/LaunchTheme"
54-->src/main/AndroidManifest.xml:18:13-47
55            android:windowSoftInputMode="adjustResize" >
55-->src/main/AndroidManifest.xml:21:13-55
56            <intent-filter>
56-->src/main/AndroidManifest.xml:22:13-25:29
57                <action android:name="android.intent.action.MAIN" />
57-->src/main/AndroidManifest.xml:23:17-68
57-->src/main/AndroidManifest.xml:23:25-66
58
59                <category android:name="android.intent.category.LAUNCHER" />
59-->src/main/AndroidManifest.xml:24:17-76
59-->src/main/AndroidManifest.xml:24:27-74
60            </intent-filter>
61        </activity>
62        <!--
63             Don't delete the meta-data below.
64             This is used by the Flutter tool to generate GeneratedPluginRegistrant.java
65        -->
66        <meta-data
66-->src/main/AndroidManifest.xml:29:9-31:33
67            android:name="flutterEmbedding"
67-->src/main/AndroidManifest.xml:30:13-44
68            android:value="2" />
68-->src/main/AndroidManifest.xml:31:13-30
69
70        <activity
70-->[:amplify_analytics_pinpoint] AndroidManifest.xml:8:9-10:40
71            android:name="com.amazonaws.amplify.amplify_analytics_pinpoint.EmptyActivity"
71-->[:amplify_analytics_pinpoint] AndroidManifest.xml:9:13-90
72            android:exported="false" />
72-->[:amplify_analytics_pinpoint] AndroidManifest.xml:10:13-37
73
74        <provider
74-->[:image_picker] AndroidManifest.xml:8:9-16:20
75            android:name="io.flutter.plugins.imagepicker.ImagePickerFileProvider"
75-->[:image_picker] AndroidManifest.xml:9:13-82
76            android:authorities="com.example.flutter_auth.flutter.image_provider"
76-->[:image_picker] AndroidManifest.xml:10:13-74
77            android:exported="false"
77-->[:image_picker] AndroidManifest.xml:11:13-37
78            android:grantUriPermissions="true" >
78-->[:image_picker] AndroidManifest.xml:12:13-47
79            <meta-data
79-->[:image_picker] AndroidManifest.xml:13:13-15:75
80                android:name="android.support.FILE_PROVIDER_PATHS"
80-->[:image_picker] AndroidManifest.xml:14:17-67
81                android:resource="@xml/flutter_image_picker_file_paths" />
81-->[:image_picker] AndroidManifest.xml:15:17-72
82        </provider>
83
84        <activity
84-->[com.amplifyframework:core:1.31.2] AndroidManifest.xml:27:9-29:54
85            android:name="com.amplifyframework.devmenu.DeveloperMenuActivity"
85-->[com.amplifyframework:core:1.31.2] AndroidManifest.xml:28:13-78
86            android:theme="@style/OverlayActivity" />
86-->[com.amplifyframework:core:1.31.2] AndroidManifest.xml:29:13-51
87        <activity
87-->[com.amazonaws:aws-android-sdk-cognitoauth:2.38.0] AndroidManifest.xml:12:9-16:75
88            android:name="com.amazonaws.mobileconnectors.cognitoauth.activities.CustomTabsManagerActivity"
88-->[com.amazonaws:aws-android-sdk-cognitoauth:2.38.0] AndroidManifest.xml:13:13-107
89            android:exported="false"
89-->[com.amazonaws:aws-android-sdk-cognitoauth:2.38.0] AndroidManifest.xml:14:13-37
90            android:launchMode="singleTask"
90-->[com.amazonaws:aws-android-sdk-cognitoauth:2.38.0] AndroidManifest.xml:15:13-44
91            android:theme="@android:style/Theme.Translucent.NoTitleBar" />
91-->[com.amazonaws:aws-android-sdk-cognitoauth:2.38.0] AndroidManifest.xml:16:13-72
92
93        <uses-library
93-->[com.amazonaws:aws-android-sdk-core:2.38.0] AndroidManifest.xml:11:9-13:40
94            android:name="org.apache.http.legacy"
94-->[com.amazonaws:aws-android-sdk-core:2.38.0] AndroidManifest.xml:12:13-50
95            android:required="false" />
95-->[com.amazonaws:aws-android-sdk-core:2.38.0] AndroidManifest.xml:13:13-37
96
97        <activity
97-->[com.google.android.gms:play-services-base:17.0.0] AndroidManifest.xml:23:9-26:75
98            android:name="com.google.android.gms.common.api.GoogleApiActivity"
98-->[com.google.android.gms:play-services-base:17.0.0] AndroidManifest.xml:24:13-79
99            android:exported="false"
99-->[com.google.android.gms:play-services-base:17.0.0] AndroidManifest.xml:25:13-37
100            android:theme="@android:style/Theme.Translucent.NoTitleBar" />
100-->[com.google.android.gms:play-services-base:17.0.0] AndroidManifest.xml:26:13-72
101
102        <meta-data
102-->[com.google.android.gms:play-services-basement:17.0.0] AndroidManifest.xml:23:9-25:69
103            android:name="com.google.android.gms.version"
103-->[com.google.android.gms:play-services-basement:17.0.0] AndroidManifest.xml:24:13-58
104            android:value="@integer/google_play_services_version" />
104-->[com.google.android.gms:play-services-basement:17.0.0] AndroidManifest.xml:25:13-66
105
106        <activity
106-->[com.journeyapps:zxing-android-embedded:4.2.0] AndroidManifest.xml:47:9-53:63
107            android:name="com.journeyapps.barcodescanner.CaptureActivity"
107-->[com.journeyapps:zxing-android-embedded:4.2.0] AndroidManifest.xml:48:13-74
108            android:clearTaskOnLaunch="true"
108-->[com.journeyapps:zxing-android-embedded:4.2.0] AndroidManifest.xml:49:13-45
109            android:screenOrientation="sensorLandscape"
109-->[com.journeyapps:zxing-android-embedded:4.2.0] AndroidManifest.xml:50:13-56
110            android:stateNotNeeded="true"
110-->[com.journeyapps:zxing-android-embedded:4.2.0] AndroidManifest.xml:51:13-42
111            android:theme="@style/zxing_CaptureTheme"
111-->[com.journeyapps:zxing-android-embedded:4.2.0] AndroidManifest.xml:52:13-54
112            android:windowSoftInputMode="stateAlwaysHidden" /> <!-- The activities will be merged into the manifest of the hosting app. -->
112-->[com.journeyapps:zxing-android-embedded:4.2.0] AndroidManifest.xml:53:13-60
113        <activity
113-->[com.google.android.play:core:1.9.1] AndroidManifest.xml:12:5-271
114            android:name="com.google.android.play.core.missingsplits.PlayCoreMissingSplitsActivity"
114-->[com.google.android.play:core:1.9.1] AndroidManifest.xml:12:15-102
115            android:enabled="false"
115-->[com.google.android.play:core:1.9.1] AndroidManifest.xml:12:103-126
116            android:exported="false"
116-->[com.google.android.play:core:1.9.1] AndroidManifest.xml:12:127-151
117            android:launchMode="singleInstance"
117-->[com.google.android.play:core:1.9.1] AndroidManifest.xml:12:204-239
118            android:process=":playcore_missing_splits_activity"
118-->[com.google.android.play:core:1.9.1] AndroidManifest.xml:12:152-203
119            android:stateNotNeeded="true" />
119-->[com.google.android.play:core:1.9.1] AndroidManifest.xml:12:240-269
120        <activity
120-->[com.google.android.play:core:1.9.1] AndroidManifest.xml:13:5-226
121            android:name="com.google.android.play.core.common.PlayCoreDialogWrapperActivity"
121-->[com.google.android.play:core:1.9.1] AndroidManifest.xml:13:15-95
122            android:enabled="false"
122-->[com.google.android.play:core:1.9.1] AndroidManifest.xml:13:96-119
123            android:exported="false"
123-->[com.google.android.play:core:1.9.1] AndroidManifest.xml:13:120-144
124            android:stateNotNeeded="true"
124-->[com.google.android.play:core:1.9.1] AndroidManifest.xml:13:145-174
125            android:theme="@style/Theme.PlayCore.Transparent" /> <!-- The services will be merged into the manifest of the hosting app. -->
125-->[com.google.android.play:core:1.9.1] AndroidManifest.xml:13:175-224
126        <service
126-->[com.google.android.play:core:1.9.1] AndroidManifest.xml:16:5-18:15
127            android:name="com.google.android.play.core.assetpacks.AssetPackExtractionService"
127-->[com.google.android.play:core:1.9.1] AndroidManifest.xml:16:14-95
128            android:enabled="false"
128-->[com.google.android.play:core:1.9.1] AndroidManifest.xml:16:96-119
129            android:exported="true" >
129-->[com.google.android.play:core:1.9.1] AndroidManifest.xml:16:120-143
130            <meta-data
130-->[com.google.android.play:core:1.9.1] AndroidManifest.xml:17:7-108
131                android:name="com.google.android.play.core.assetpacks.versionCode"
131-->[com.google.android.play:core:1.9.1] AndroidManifest.xml:17:18-84
132                android:value="10901" />
132-->[com.google.android.play:core:1.9.1] AndroidManifest.xml:17:85-106
133        </service>
134        <service
134-->[com.google.android.play:core:1.9.1] AndroidManifest.xml:19:5-147
135            android:name="com.google.android.play.core.assetpacks.ExtractionForegroundService"
135-->[com.google.android.play:core:1.9.1] AndroidManifest.xml:19:14-96
136            android:enabled="false"
136-->[com.google.android.play:core:1.9.1] AndroidManifest.xml:19:97-120
137            android:exported="false" />
137-->[com.google.android.play:core:1.9.1] AndroidManifest.xml:19:121-145
138    </application>
139
140</manifest>